<?xml version="1.0" encoding="UTF-8"?>
<testsuites name="TS101" time="6.74" tests="1" failures="0" errors="0">
   <testsuite name="TS101" tests="1" failures="0" errors="0" time="6.74" skipped="0" timestamp="2566-01-27 11:33:22" hostname="Administrator - 10.53.16.101" id="Test Suites/TS101">
      <properties>
         <property name="deviceName" value=""/>
         <property name="devicePlatform" value=""/>
         <property name="logFolder" value="C:\\Users\\Administrator\\Katalon Studio\\indeed\\Reports\\25660127_113315\\TS101\\25660127_113315"/>
         <property name="logFiles" value="C:\\Users\\Administrator\\Katalon Studio\\indeed\\Reports\\25660127_113315\\TS101\\25660127_113315\\execution0.log"/>
         <property name="attachments" value="C:\\Users\\Administrator\\Katalon Studio\\indeed\\Reports\\25660127_113315\\TS101\\25660127_113315\\1674794008050.png"/>
         <property name="hostName" value="Administrator - 10.53.16.101"/>
         <property name="os" value="Windows 10 64bit"/>
         <property name="katalonVersion" value="8.5.5.208"/>
         <property name="browser" value="Chrome 109.0.0.0"/>
         <property name="hostAddress" value="10.53.16.101"/>
         <property name="sessionId" value="dfa322791bc23f324a527a935201a87a"/>
         <property name="seleniumVersion" value="3.141.59"/>
         <property name="proxyInformation" value="ProxyInformation { proxyOption=NO_PROXY, proxyServerType=HTTP, username=, password=********, proxyServerAddress=, proxyServerPort=0, executionList=&quot;&quot;, isApplyToDesiredCapabilities=true }"/>
         <property name="platform" value="Windows 10"/>
      </properties>
      <testcase name="Test Cases/TC103 Search Exception" time="6.542" classname="Test Cases/TC103 Search Exception" status="PASSED">
         <system-out><![CDATA[2566-01-27 11:33:22 - [TEST_CASE][PASSED] - Test Cases/TC103 Search Exception: Test Cases/TC103 Search Exception

2566-01-27 11:33:22 - [TEST_STEP][PASSED] - openBrowser(""): Browser is opened with url: ''

2566-01-27 11:33:22 - [MESSAGE][INFO] - Starting 'Chrome' driver

2566-01-27 11:33:22 - [MESSAGE][INFO] - Action delay is set to 0 milliseconds

2566-01-27 11:33:24 - [MESSAGE][PASSED] - Browser is opened with url: ''

2566-01-27 11:33:24 - [TEST_STEP][PASSED] - navigateToUrl("https://th.indeed.com/"): Navigate to 'https://th.indeed.com/' successfully

2566-01-27 11:33:25 - [MESSAGE][PASSED] - Navigate to 'https://th.indeed.com/' successfully

2566-01-27 11:33:25 - [TEST_STEP][PASSED] - click(findTestObject("Page_Job Search  Indeed/button_Find jobs")): Object: 'Object Repository/Page_Job Search  Indeed/button_Find jobs' is clicked on

2566-01-27 11:33:26 - [MESSAGE][PASSED] - Object: 'Object Repository/Page_Job Search  Indeed/button_Find jobs' is clicked on

2566-01-27 11:33:26 - [TEST_STEP][PASSED] - verifyTextPresent("Enter a job title or location to start a search", false): Text 'Enter a job title or location to start a search' is present on page 

2566-01-27 11:33:27 - [MESSAGE][PASSED] - Text 'Enter a job title or location to start a search' is present on page 

2566-01-27 11:33:27 - [TEST_STEP][PASSED] - takeScreenshot(): Taking screenshot successfully

2566-01-27 11:33:28 - [MESSAGE][PASSED] - Taking screenshot successfully
[[ATTACHMENT|C:\\Users\\Administrator\\Katalon Studio\\indeed\\Reports\\25660127_113315\\TS101\\25660127_113315\\1674794008050.png]]

2566-01-27 11:33:28 - [TEST_STEP][PASSED] - closeBrowser(): Browser is closed

2566-01-27 11:33:28 - [MESSAGE][PASSED] - Browser is closed]]></system-out>
         <system-err><![CDATA[]]></system-err>
      </testcase>
      <system-out><![CDATA[2566-01-27 11:33:22 - [TEST_SUITE][PASSED] - TS101: Test Cases/TC103 Search Exception]]></system-out>
      <system-err><![CDATA[]]></system-err>
   </testsuite>
</testsuites>
